[Tue Dec 06 15:18:44.943287 2022] [ssl:warn] [pid 13340:tid 644] AH01909: arcaindustry.local:443:0 server certificate does NOT include an ID which matches the server name
[Tue Dec 06 15:18:44.989177 2022] [ssl:warn] [pid 13340:tid 644] AH01909: arcaindustry.local:443:0 server certificate does NOT include an ID which matches the server name
[Tue Dec 06 15:18:45.649112 2022] [ssl:warn] [pid 5112:tid 652] AH01909: arcaindustry.local:443:0 server certificate does NOT include an ID which matches the server name
[Tue Dec 06 15:18:45.682693 2022] [ssl:warn] [pid 5112:tid 652] AH01909: arcaindustry.local:443:0 server certificate does NOT include an ID which matches the server name
[Mon Dec 12 11:27:45.453299 2022] [ssl:warn] [pid 18660:tid 648] AH01909: arcaindustry.local:443:0 server certificate does NOT include an ID which matches the server name
[Mon Dec 12 11:27:45.492933 2022] [ssl:warn] [pid 18660:tid 648] AH01909: arcaindustry.local:443:0 server certificate does NOT include an ID which matches the server name
[Mon Dec 12 11:27:46.058761 2022] [ssl:warn] [pid 18616:tid 660] AH01909: arcaindustry.local:443:0 server certificate does NOT include an ID which matches the server name
[Mon Dec 12 11:27:46.095885 2022] [ssl:warn] [pid 18616:tid 660] AH01909: arcaindustry.local:443:0 server certificate does NOT include an ID which matches the server name
[Mon Dec 12 11:29:29.659400 2022] [ssl:warn] [pid 9020:tid 648] AH01909: arcaindustry.local:443:0 server certificate does NOT include an ID which matches the server name
[Mon Dec 12 11:29:29.694964 2022] [ssl:warn] [pid 9020:tid 648] AH01909: arcaindustry.local:443:0 server certificate does NOT include an ID which matches the server name
[Mon Dec 12 11:29:29.978281 2022] [ssl:warn] [pid 18076:tid 660] AH01909: arcaindustry.local:443:0 server certificate does NOT include an ID which matches the server name
[Mon Dec 12 11:29:30.012165 2022] [ssl:warn] [pid 18076:tid 660] AH01909: arcaindustry.local:443:0 server certificate does NOT include an ID which matches the server name
[Thu Dec 15 12:16:41.103187 2022] [ssl:warn] [pid 9420:tid 664] AH01909: arcaindustry.local:443:0 server certificate does NOT include an ID which matches the server name
[Thu Dec 15 12:16:41.189063 2022] [ssl:warn] [pid 9420:tid 664] AH01909: arcaindustry.local:443:0 server certificate does NOT include an ID which matches the server name
[Thu Dec 15 12:16:41.923232 2022] [ssl:warn] [pid 13108:tid 660] AH01909: arcaindustry.local:443:0 server certificate does NOT include an ID which matches the server name
[Thu Dec 15 12:16:41.959806 2022] [ssl:warn] [pid 13108:tid 660] AH01909: arcaindustry.local:443:0 server certificate does NOT include an ID which matches the server name
[Thu Dec 15 12:27:37.249224 2022] [ssl:warn] [pid 10708:tid 652] AH01909: arcaindustry.local:443:0 server certificate does NOT include an ID which matches the server name
[Thu Dec 15 12:27:37.287751 2022] [ssl:warn] [pid 10708:tid 652] AH01909: arcaindustry.local:443:0 server certificate does NOT include an ID which matches the server name
[Thu Dec 15 12:27:37.571861 2022] [ssl:warn] [pid 6096:tid 664] AH01909: arcaindustry.local:443:0 server certificate does NOT include an ID which matches the server name
[Thu Dec 15 12:27:37.605659 2022] [ssl:warn] [pid 6096:tid 664] AH01909: arcaindustry.local:443:0 server certificate does NOT include an ID which matches the server name
[Mon Jan 02 09:52:21.593669 2023] [ssl:warn] [pid 29728:tid 648] AH01909: arcaindustry.local:443:0 server certificate does NOT include an ID which matches the server name
[Mon Jan 02 09:52:21.645273 2023] [ssl:warn] [pid 29728:tid 648] AH01909: arcaindustry.local:443:0 server certificate does NOT include an ID which matches the server name
[Mon Jan 02 09:52:22.306817 2023] [ssl:warn] [pid 22980:tid 516] AH01909: arcaindustry.local:443:0 server certificate does NOT include an ID which matches the server name
[Mon Jan 02 09:52:22.352589 2023] [ssl:warn] [pid 22980:tid 516] AH01909: arcaindustry.local:443:0 server certificate does NOT include an ID which matches the server name
[Mon Jan 02 17:58:07.519216 2023] [ssl:warn] [pid 37292:tid 652] AH01909: arcaindustry.local:443:0 server certificate does NOT include an ID which matches the server name
[Mon Jan 02 17:58:07.556092 2023] [ssl:warn] [pid 37292:tid 652] AH01909: arcaindustry.local:443:0 server certificate does NOT include an ID which matches the server name
[Mon Jan 02 17:58:08.332820 2023] [ssl:warn] [pid 23644:tid 668] AH01909: arcaindustry.local:443:0 server certificate does NOT include an ID which matches the server name
[Mon Jan 02 17:58:08.367082 2023] [ssl:warn] [pid 23644:tid 668] AH01909: arcaindustry.local:443:0 server certificate does NOT include an ID which matches the server name
[Mon Jan 02 18:14:40.768773 2023] [ssl:warn] [pid 30384:tid 656] AH01909: arcaindustry.local:443:0 server certificate does NOT include an ID which matches the server name
[Mon Jan 02 18:14:40.805675 2023] [ssl:warn] [pid 30384:tid 656] AH01909: arcaindustry.local:443:0 server certificate does NOT include an ID which matches the server name
[Mon Jan 02 18:14:41.123275 2023] [ssl:warn] [pid 35144:tid 664] AH01909: arcaindustry.local:443:0 server certificate does NOT include an ID which matches the server name
[Mon Jan 02 18:14:41.158935 2023] [ssl:warn] [pid 35144:tid 664] AH01909: arcaindustry.local:443:0 server certificate does NOT include an ID which matches the server name
[Mon Jan 02 18:26:38.347717 2023] [ssl:warn] [pid 37200:tid 652] AH01909: arcaindustry.local:443:0 server certificate does NOT include an ID which matches the server name
[Mon Jan 02 18:26:38.386614 2023] [ssl:warn] [pid 37200:tid 652] AH01909: arcaindustry.local:443:0 server certificate does NOT include an ID which matches the server name
[Mon Jan 02 18:26:38.691797 2023] [ssl:warn] [pid 37628:tid 664] AH01909: arcaindustry.local:443:0 server certificate does NOT include an ID which matches the server name
[Mon Jan 02 18:26:38.726704 2023] [ssl:warn] [pid 37628:tid 664] AH01909: arcaindustry.local:443:0 server certificate does NOT include an ID which matches the server name
[Mon Jan 02 18:34:53.039780 2023] [ssl:warn] [pid 5616:tid 656] AH01909: arcaindustry.local:443:0 server certificate does NOT include an ID which matches the server name
[Mon Jan 02 18:34:53.073729 2023] [ssl:warn] [pid 5616:tid 656] AH01909: arcaindustry.local:443:0 server certificate does NOT include an ID which matches the server name
[Mon Jan 02 18:34:53.464088 2023] [ssl:warn] [pid 11316:tid 664] AH01909: arcaindustry.local:443:0 server certificate does NOT include an ID which matches the server name
[Mon Jan 02 18:34:53.498843 2023] [ssl:warn] [pid 11316:tid 664] AH01909: arcaindustry.local:443:0 server certificate does NOT include an ID which matches the server name
[Wed Jan 04 12:49:59.392630 2023] [ssl:warn] [pid 10608:tid 656] AH01909: arcaindustry.local:443:0 server certificate does NOT include an ID which matches the server name
[Wed Jan 04 12:49:59.431526 2023] [ssl:warn] [pid 10608:tid 656] AH01909: arcaindustry.local:443:0 server certificate does NOT include an ID which matches the server name
[Wed Jan 04 12:49:59.989033 2023] [ssl:warn] [pid 12256:tid 664] AH01909: arcaindustry.local:443:0 server certificate does NOT include an ID which matches the server name
[Wed Jan 04 12:50:00.024938 2023] [ssl:warn] [pid 12256:tid 664] AH01909: arcaindustry.local:443:0 server certificate does NOT include an ID which matches the server name
[Thu Jan 05 10:14:19.749394 2023] [ssl:warn] [pid 12844:tid 652] AH01909: arcaindustry.local:443:0 server certificate does NOT include an ID which matches the server name
[Thu Jan 05 10:14:19.789059 2023] [ssl:warn] [pid 12844:tid 652] AH01909: arcaindustry.local:443:0 server certificate does NOT include an ID which matches the server name
[Thu Jan 05 10:14:20.313079 2023] [ssl:warn] [pid 11428:tid 660] AH01909: arcaindustry.local:443:0 server certificate does NOT include an ID which matches the server name
[Thu Jan 05 10:14:20.345122 2023] [ssl:warn] [pid 11428:tid 660] AH01909: arcaindustry.local:443:0 server certificate does NOT include an ID which matches the server name
[Mon Jan 09 10:50:17.022696 2023] [ssl:warn] [pid 12924:tid 608] AH01909: arcaindustry.local:443:0 server certificate does NOT include an ID which matches the server name
[Mon Jan 09 10:50:17.057029 2023] [ssl:warn] [pid 12924:tid 608] AH01909: arcaindustry.local:443:0 server certificate does NOT include an ID which matches the server name
[Mon Jan 09 10:50:17.394173 2023] [ssl:warn] [pid 14900:tid 660] AH01909: arcaindustry.local:443:0 server certificate does NOT include an ID which matches the server name
[Mon Jan 09 10:50:17.427086 2023] [ssl:warn] [pid 14900:tid 660] AH01909: arcaindustry.local:443:0 server certificate does NOT include an ID which matches the server name
[Mon Jan 09 18:20:25.297470 2023] [ssl:warn] [pid 12816:tid 608] AH01909: arcaindustry.local:443:0 server certificate does NOT include an ID which matches the server name
[Mon Jan 09 18:20:25.341071 2023] [ssl:warn] [pid 12816:tid 608] AH01909: arcaindustry.local:443:0 server certificate does NOT include an ID which matches the server name
[Mon Jan 09 18:20:25.779504 2023] [ssl:warn] [pid 10964:tid 664] AH01909: arcaindustry.local:443:0 server certificate does NOT include an ID which matches the server name
[Mon Jan 09 18:20:25.820282 2023] [ssl:warn] [pid 10964:tid 664] AH01909: arcaindustry.local:443:0 server certificate does NOT include an ID which matches the server name
[Tue Jan 10 11:58:59.080459 2023] [ssl:warn] [pid 11236:tid 652] AH01909: arcaindustry.local:443:0 server certificate does NOT include an ID which matches the server name
[Tue Jan 10 11:58:59.808455 2023] [ssl:warn] [pid 11236:tid 652] AH01909: arcaindustry.local:443:0 server certificate does NOT include an ID which matches the server name
[Tue Jan 10 11:59:00.375593 2023] [ssl:warn] [pid 3584:tid 660] AH01909: arcaindustry.local:443:0 server certificate does NOT include an ID which matches the server name
[Tue Jan 10 11:59:00.424857 2023] [ssl:warn] [pid 3584:tid 660] AH01909: arcaindustry.local:443:0 server certificate does NOT include an ID which matches the server name
[Mon Jan 16 12:20:41.053458 2023] [ssl:warn] [pid 5028:tid 652] AH01909: arcaindustry.local:443:0 server certificate does NOT include an ID which matches the server name
[Mon Jan 16 12:20:41.108685 2023] [ssl:warn] [pid 5028:tid 652] AH01909: arcaindustry.local:443:0 server certificate does NOT include an ID which matches the server name
[Mon Jan 16 12:20:41.774529 2023] [ssl:warn] [pid 10244:tid 664] AH01909: arcaindustry.local:443:0 server certificate does NOT include an ID which matches the server name
[Mon Jan 16 12:20:41.807423 2023] [ssl:warn] [pid 10244:tid 664] AH01909: arcaindustry.local:443:0 server certificate does NOT include an ID which matches the server name
[Tue Jan 24 17:05:34.654603 2023] [ssl:warn] [pid 3872:tid 652] AH01909: arcaindustry.local:443:0 server certificate does NOT include an ID which matches the server name
[Tue Jan 24 17:05:34.695652 2023] [ssl:warn] [pid 3872:tid 652] AH01909: arcaindustry.local:443:0 server certificate does NOT include an ID which matches the server name
[Tue Jan 24 17:05:35.229879 2023] [ssl:warn] [pid 18596:tid 664] AH01909: arcaindustry.local:443:0 server certificate does NOT include an ID which matches the server name
[Tue Jan 24 17:05:35.263151 2023] [ssl:warn] [pid 18596:tid 664] AH01909: arcaindustry.local:443:0 server certificate does NOT include an ID which matches the server name
[Wed Feb 01 12:51:59.349806 2023] [ssl:warn] [pid 27016:tid 652] AH01909: arcaindustry.local:443:0 server certificate does NOT include an ID which matches the server name
[Wed Feb 01 12:51:59.411767 2023] [ssl:warn] [pid 27016:tid 652] AH01909: arcaindustry.local:443:0 server certificate does NOT include an ID which matches the server name
[Wed Feb 01 12:51:59.922141 2023] [ssl:warn] [pid 20448:tid 660] AH01909: arcaindustry.local:443:0 server certificate does NOT include an ID which matches the server name
[Wed Feb 01 12:51:59.960325 2023] [ssl:warn] [pid 20448:tid 660] AH01909: arcaindustry.local:443:0 server certificate does NOT include an ID which matches the server name
[Wed Feb 01 12:55:16.108689 2023] [php:error] [pid 20448:tid 1920] [client 127.0.0.1:57510] PHP Fatal error:  Maximum execution time of 120 seconds exceeded in C:\\xampp\\htdocs\\ArcaIndustry_Bioplast\\app\\Http\\Controllers\\HomeController.php on line 3554, referer: https://arcaindustry.local/dettaglio_bolla/523344
[Wed Feb 01 12:58:49.247108 2023] [php:error] [pid 20448:tid 1920] [client 127.0.0.1:57564] PHP Fatal error:  Maximum execution time of 120 seconds exceeded in C:\\xampp\\htdocs\\ArcaIndustry_Bioplast\\app\\Http\\Controllers\\HomeController.php on line 3554, referer: https://arcaindustry.local/dettaglio_bolla/523344
[Wed Feb 01 14:51:02.773574 2023] [ssl:warn] [pid 3180:tid 672] AH01909: arcaindustry.local:443:0 server certificate does NOT include an ID which matches the server name
[Wed Feb 01 14:51:02.825434 2023] [ssl:warn] [pid 3180:tid 672] AH01909: arcaindustry.local:443:0 server certificate does NOT include an ID which matches the server name
[Wed Feb 01 14:51:03.147267 2023] [ssl:warn] [pid 9688:tid 664] AH01909: arcaindustry.local:443:0 server certificate does NOT include an ID which matches the server name
[Wed Feb 01 14:51:03.190153 2023] [ssl:warn] [pid 9688:tid 664] AH01909: arcaindustry.local:443:0 server certificate does NOT include an ID which matches the server name
[Wed Feb 15 12:52:43.790950 2023] [ssl:warn] [pid 268:tid 652] AH01909: arcaindustry.local:443:0 server certificate does NOT include an ID which matches the server name
[Wed Feb 15 12:52:43.831786 2023] [ssl:warn] [pid 268:tid 652] AH01909: arcaindustry.local:443:0 server certificate does NOT include an ID which matches the server name
[Wed Feb 15 12:52:44.412987 2023] [ssl:warn] [pid 9900:tid 664] AH01909: arcaindustry.local:443:0 server certificate does NOT include an ID which matches the server name
[Wed Feb 15 12:52:44.443881 2023] [ssl:warn] [pid 9900:tid 664] AH01909: arcaindustry.local:443:0 server certificate does NOT include an ID which matches the server name
[Sat Mar 18 01:11:37.132800 2023] [ssl:warn] [pid 15004:tid 660] AH01909: arcaindustry.local:443:0 server certificate does NOT include an ID which matches the server name
[Sat Mar 18 01:11:37.176162 2023] [ssl:warn] [pid 15004:tid 660] AH01909: arcaindustry.local:443:0 server certificate does NOT include an ID which matches the server name
[Sat Mar 18 01:11:37.742305 2023] [ssl:warn] [pid 17896:tid 664] AH01909: arcaindustry.local:443:0 server certificate does NOT include an ID which matches the server name
[Sat Mar 18 01:11:37.792768 2023] [ssl:warn] [pid 17896:tid 664] AH01909: arcaindustry.local:443:0 server certificate does NOT include an ID which matches the server name
